// Proyecto Shadows Mame Build Plus
// copyright-holders:Gaston90
/******************************************************************************

    List of all enabled drivers in the system.

******************************************************************************/

@source:neogeo.cpp
// These are the parents of our hacks
neogeo
ms5pcb 
ms4plus
ms5plus
mslug
msluge
mslug2
mslugx
mslug3
mslug3h
mslug3b6
mslug4
mslug4h
mslug5
mslug5h

@source:mslug.cpp
msluge
msboot
mslughacks01
mslughacks02
mslughacks03
mslughacks04
mslughacks05
mslughacks06
mslughacks07
mslughacks08
mslugla01
mslugrmxe0s01
mslugrmxe1s01

@source:mslug2.cpp
mslug2hacks01
mslug2hacks02
mslug2hacks03
mslug2hacks04
mslug2hacks05
mslug2hacks06
mslug2hacks07
mslug2hacks08
mslug2hacks09
mslug2hacks10
mslug2hacks11
mslug2hacks12
mslug2hacks13
mslug2hacks14
mslug2hacks15
mslug2hacks16
mslug2hacks17
mslug2hacks18
mslug2hacks19
mslug2hacks20
mslug2hacks21
mslug2hacks22
mslug2hacks23
mslug2hacks24
mslug2la01
mslug2la02
mslug2la03
mslug2la04
mslug2la05
mslug2la06
mslug2lb01
mslug2lb02
mslug2lb03
mslug2lb04
mslug2lb05
mslug2rmxe0s01
mslug2rmxe0s02
mslug2rmxe0s03
mslug2rmxe0s04
mslug2rmxe1s01
mslug2rmxe1s02
mslug2rmxe2s01
mslug2rmxe2s02
mslug2rmxe3s01
mslug2rmxe3s02
mslug2rmxe4s01
mslug2rmxe4s02
mslug2rmxe5s01
mslug2rmxe5s02
mslug2rmxe6s01
mslug2rmxe6s02

@source:mslug3.cpp
mslug3d
mslug3nd
//mslug3a
mslug3hacks01
mslug3hacks02
mslug3hacks03
mslug3hacks04
mslug3hacks05
mslug3hacks06
mslug3hacks07
mslug3hacks08
mslug3hacks09
mslug3hacks10
mslug3hacks11
mslug3hacks12
mslug3hacks13
mslug3hacks14
mslug3hacks15
mslug3hacks16
mslug3hacks17
mslug3hacks18
mslug3hacks19
mslug3hacks20
mslug3hacks21
mslug3hacks22
mslug3hacks23
mslug3hacks24
mslug3hacks25
mslug3hacks26
mslug3hacks27
mslug3hacks28
mslug3hacks29
mslug3hacks30
mslug3hacks31
mslug3hacks32
mslug3hacks33
mslug3hacks34
mslug3hacks35
mslug3hacks36
mslug3hacks37
mslug3hacks38
mslug3hacks39
mslug3hacks40
mslug3hacks41
mslug3hacks42
mslug3hacks43
mslug3hacks44
mslug3hacks45
mslug3hacks46
mslug3hacks47
mslug3hacks48
mslug3hacks49
mslug6hacks01
mslug6hacks02
mslug6hacks03
mslug6hacks04
mslug6hacks05
mslug6hacks06
mslug6hacks07
mslug6hacks08
mslug3pla01
mslug3pla02
mslug3la01
mslug3la02
mslug3la03
mslug3la04
mslug3la05
mslug3la06
mslug3la07
mslug3la08
mslug3la09
mslug3la10
mslug3la11
mslug3la12
mslug3lb01
mslug3lb02
mslug3lb03
mslug3lb04
mslug3lb05
mslug3lb06
mslug3lb07
mslug3lb08
mslug3lb09
mslug3lb10
mslug3lb11
mslug3lb12
mslug3lc01
mslug3lc02
mslug3lc03
mslug3lc04
mslug3lc05
mslug3lc06
mslug3lc07
mslug3lc08
mslug3lc09
mslug3lc10
mslug3lc11
mslug3lc12
mslug3ld01
mslug3ld02
mslug3ld03
mslug3ld04
mslug3ld05
mslug3ld06
mslug3ld07
mslug3ld08
mslug3ld09
mslug3ld10
mslug3ld11
mslug3ld12
mslug3le01
mslug3le02
mslug3le03
mslug3le04
mslug3le05
mslug3le06
mslug3le07
mslug3le08
mslug3le09
mslug3le10
mslug3le11
mslug3le12
mslug3cpa01
mslug3cpa02
mslug3cpa03
mslug3cpa04
mslug3cpa05
mslug3cpa06
mslug3cpb01
mslug3cpb02
mslug3cpb03
mslug3cpb04
mslug3cpb05
mslug3cpb06
mslug3cpc01
mslug3cpc02
mslug3cpc03
mslug3cpc04
mslug3cpc05
mslug3rmxe0s01
mslug3rmxe0s02
mslug3rmxe0s03
mslug3rmxe0s04
mslug3rmxe0s05
mslug3rmxe0s06
mslug3rmxe1s01
mslug3rmxe1s02
mslug3rmxe1s03
mslug3rmxe1s04
mslug3rmxe1s05
mslug3rmxe1s06
mslug3rmxe2s01
mslug3rmxe2s02
mslug3rmxe2s03
mslug3rmxe2s04
mslug3rmxe2s05
mslug3rmxe2s06
mslug3rmxe3s01
mslug3rmxe3s02
mslug3rmxe3s03
mslug3rmxe3s04
mslug3rmxe3s05
mslug3rmxe3s06
mslug3rmxe4s01
mslug3rmxe4s02
mslug3rmxe4s03
mslug3rmxe4s04
mslug3rmxe4s05
mslug3rmxe4s06
mslug3rmxe5s01
mslug3rmxe5s02
mslug3rmxe5s03
mslug3rmxe5s04
mslug3rmxe5s05
mslug3rmxe6s01
mslug3rmxe6s02
mslug3rmxe6s03
mslug3rmxe6s04
mslug3rmxe7s01
mslug3rmxe7s02
mslug3rmxe7s03
mslug3rmxe7s04
mslug6cvta01
mslug6cvtb01
mslug6cvtb02
mslug6cvtb03
mslug6cvtc01
mslug6cvtd01
mslug6cvte01
mslug6cvtz01
mslug6la01
mslug6la02
mslug6la03
mslug6lb01
mslug6lb02
mslug6lb03
mslug6lc01
mslug6lc02
mslug6lc03
mslug6ld01
mslug6ld02
mslug6ld03
mslug6le01
mslug6le02
mslug6le03
mslug6lf01
mslug6lf02
mslug6lf03
mslug6cpa01
mslug6cpa02
mslug6cpa03
mslug6cpa04
mslug6cpa05
mslug6cpb01
mslug6cpb02
mslug6cpb03
mslug6cpb04
mslug6cpb05
mslug6cpc01
mslug6cpc02
mslug6cpc03
mslug6cpc04
mslug6rmxe0s01
mslug6rmxe0s02
mslug6rmxe0s03
mslug6rmxe0s04
mslug6rmxe1s01
mslug6rmxe1s02
mslug6rmxe1s03
mslug6rmxe1s04
mslug6rmxe2s01
mslug6rmxe2s02
mslug6rmxe2s03
mslug6rmxe2s04
mslug6rmxe3s01
mslug6rmxe3s02
mslug6rmxe3s03
mslug6rmxe3s04
mslug6rmxe4s01
mslug6rmxe4s02
mslug6rmxe4s03
mslug6rmxe4s04
mslug6rmxe5s01
mslug6rmxe5s02
mslug6rmxe5s03
mslug6rmxe5s04

@source:mslug4.cpp
mslug4d
mslug4nd
mslug4dd
mslug4hacks01
mslug4hacks02
mslug4hacks03
mslug4hacks04
mslug4hacks05
mslug4hacks06
mslug4hacks07
mslug4hacks08
mslug4hacks09
mslug4hacks10
mslug4hacks11
mslug4hacks12
mslug4hacks13
mslug4hacks14
mslug4hacks15
mslug4hacks16
mslug4hacks17
mslug4hacks18
mslug4hacks19
mslug4hacks20
mslug4hacks21
mslug4hacks22
mslug4hacks23
mslug4hacks24
mslug4hacks25
mslug4hacks26
mslug4hacks27
mslug4hacks28
mslug4hacks29
mslug4hacks30
mslug4hacks31
mslug4hacks32
mslug4hacks33
mslug4hacks34
mslug4hacks35
mslug4hacks36
mslug4hacks37
mslug4la01
mslug4la02
mslug4la03
mslug4la04
mslug4lb01
mslug4lb02
mslug4lb03
mslug4lb04
mslug4lc01
mslug4lc02
mslug4lc03
mslug4lc04
mslug4ld01
mslug4ld02
mslug4ld03
mslug4le01
mslug4le02
mslug4rmxe0s01
mslug4rmxe0s02
mslug4rmxe1s01
mslug4rmxe1s02
mslug4rmxe2s01
mslug4rmxe2s02
mslug4rmxe2s03
mslug4rmxe2s04
mslug4rmxe2s05
mslug4rmxe2s06
mslug4rmxe2s07
mslug4rmxe2s08
mslug4rmxe3s01
mslug4rmxe3s02
mslug4rmxe3s03
mslug4rmxe3s04
mslug4rmxe3s05
mslug4rmxe3s06
mslug4rmxe3s07
mslug4rmxe3s08
mslug4rmxe4s01
mslug4rmxe4s02
mslug4rmxe4s03
mslug4rmxe4s04
mslug4rmxe4s05
mslug4rmxe4s06
mslug4rmxe4s07
mslug4rmxe4s08

@source:mslug5.cpp
ms5boot
ms5pcbd
mslug5nd
mslug5d
mslug5d1
mslug5b
ms5plusd
mslug5n
mslug5ba
mslug5n2
mslug5hd
mslug5b2
mslug5pshacks01
mslug5pshacks02
mslug5hacks01
mslug5hacks02
mslug5hacks03
mslug5hacks04
mslug5hacks05
mslug5hacks06
mslug5hacks07
mslug5hacks08
mslug5hacks09
mslug5hacks10
mslug5hacks11
mslug5hacks12
mslug5hacks13
mslug5hacks14
mslug5hacks15
mslug5hacks16
mslug5hacks17
mslug5hacks18
mslug5hacks19
mslug5hacks20
mslug5hacks21
mslug5hacks22
mslug5hacks23
mslug5hacks24
mslug5hacks25
mslug5hacks26
mslug5hacks27
mslug5hacks28
mslug5hacks29
mslug5hacks30
mslug5hacks31
mslug5hacks32
mslug5hacks33
mslug5hacks34
mslug5hacks35
mslug5hacks36
mslug5hacks37
mslug5hacks38
mslug5hacks39
mslug5hacks40
mslug5hacks41
mslug5hacks42
mslug5hacks43
mslug5hacks44
mslug5hacks45
mslug5hacks46
mslug5hacks47
mslug5hacks48
mslug5hacks49
mslug5hacks50
mslug5hacks51
mslug5hacks52
mslug5hacks53
mslug5hacks54
mslug5hacks55
mslug5hacks56
mslug5hacks57
mslug5la01
mslug5la02
mslug5la03
mslug5lb01
mslug5lb02
mslug5lb03
mslug5lc01
mslug5rmxe0s01
mslug5rmxe0s02
mslug5rmxe0s03
mslug5rmxe0s04
mslug5rmxe0s05
mslug5rmxe0s06
mslug5rmxe1s01
mslug5rmxe1s02
mslug5rmxe1s03
mslug5rmxe1s04
mslug5rmxe1s05
mslug5rmxe1s06
mslug5rmxe2s01
mslug5rmxe2s02
mslug5rmxe2s03
mslug5rmxe2s04
mslug5rmxe2s05
mslug5rmxe2s06
mslug5rmxe3s01
mslug5rmxe3s02
mslug5rmxe3s03
mslug5rmxe3s04
mslug5rmxe3s05
mslug5rmxe3s06
mslug5rmxe4s01
mslug5rmxe4s02
mslug5rmxe4s03
mslug5rmxe4s04
mslug5rmxe4s05
mslug5rmxe4s06
mslug5rmxe5s01
mslug5rmxe5s02
mslug5rmxe5s03
mslug5rmxe5s04
mslug5rmxe5s05
mslug5rmxe5s06
mslug5rmxe6s01
mslug5rmxe6s02
mslug5rmxe6s03
mslug5rmxe6s04
mslug5rmxe6s05
mslug5rmxe6s06
mslug5rmxe7s01
mslug5rmxe7s02
mslug5rmxe7s03
mslug5rmxe7s04
mslug5rmxe7s05
mslug5rmxe7s06
mslug5rmxe8s01
mslug5rmxe8s02
mslug5rmxe8s03
mslug5rmxe8s04
mslug5rmxe8s05
mslug5rmxe8s06

@source:mslugx.cpp
mslugxhacks01
mslugxhacks02
mslugxhacks03
mslugxhacks04
mslugxhacks05
mslugxhacks06
mslugxhacks07
mslugxhacks08
mslugxhacks09
mslugxhacks10
mslugxhacks11
mslugxhacks12
mslugxhacks13
mslugxhacks14
mslugxhacks15
mslugxhacks16
mslugxhacks17
mslugxhacks18
mslugxhacks19
mslugxhacks20
mslugxhacks21
mslugxhacks22
mslugxhacks23
mslugxhacks24
mslugxhacks25
mslugxhacks26
mslugxhacks27
mslugxhacks28
mslugxhacks29
mslugxhacks30
mslugxhacks31
mslugxhacks32
mslugxhacks33
mslugxhacks34
mslugxhacks35
mslugxhacks36
mslugxhacks37
mslugxhacks38
mslugxhacks39
mslugxhacks40
mslugxhacks41
mslugxhacks42
mslugxhacks43
mslugxhacks44
mslugxhacks45
mslugxhacks46
mslugxhacks47
mslugxhacks48
mslugxhacks49
mslugxhacks50
mslugxhacks51
mslugxhacks52
mslugxhacks53
mslugxhacks54
mslugxhacks55
mslugxhacks56
mslugxhacks57
mslugxhacks58
mslugxhacks59
mslugxat01
mslugxat02
mslugxat03
mslugxat04
mslugxat05
mslugxat06
mslugxat07
mslugxat08
mslugxla00
mslugxla01
mslugxla02
mslugxla03
mslugxla04
mslugxla05
mslugxla06
mslugxla07
mslugxlb00
mslugxlb01
mslugxlb02
mslugxlb03
mslugxlb04
mslugxlc00
mslugxlc01
mslugxlc02
mslugxlc03
mslugxlc04
mslugxlc05
mslugxlc06
mslugxld00
mslugxld01
mslugxld02
mslugxld03
mslugxld04
mslugxld05
mslugxld06
mslugxld07
mslugxle00
mslugxle01
mslugxle02
mslugxle03
mslugxle04
mslugxle05
mslugxle06
mslugxle07
mslugxlf00
mslugxlf01
mslugxlf02
mslugxlf03
mslugxlf04
mslugxlf05
mslugxlf06
mslugxlf07
mslugxlg01
mslugxlg02
mslugxlg03
mslugxlg04
mslugxlg05
mslugxlg06
mslugxlg07
mslugxlh00
mslugxlh01
mslugxlh02
mslugxlh03
mslugxlh04
mslugxlh05
mslugxlh06
mslugxlh07
mslugxli00
mslugxli01
mslugxli02
mslugxli03
mslugxli04
mslugxli05
mslugxli06
mslugxli07
mslugxlj00
mslugxlj01
mslugxlj02
mslugxlj03
mslugxlj04
mslugxlj05
mslugxlj06
mslugxlj07
mslugxrmxe0s01
mslugxrmxe0s02
mslugxrmxe0s03
mslugxrmxe0s04
mslugxrmxe0s05
mslugxrmxe0s06
mslugxrmxe1s01
mslugxrmxe1s02
mslugxrmxe1s03
mslugxrmxe1s04
mslugxrmxe2s01
mslugxrmxe2s02
mslugxrmxe2s03
mslugxrmxe2s04
mslugxrmxe3s01
mslugxrmxe3s02
mslugxrmxe3s03
mslugxrmxe3s04
mslugxrmxe4s01
mslugxrmxe4s02
mslugxrmxe4s03
mslugxrmxe4s04
mslugxrmxe5s01
mslugxrmxe5s02
mslugxrmxe5s03
mslugxrmxe5s04
mslugxrmxe6s01
mslugxrmxe6s02
mslugxrmxe6s03
mslugxrmxe6s04
mslugxrmxe6s05
mslugxrmxe6s06
mslugxrmxe6s07
mslugxrmxe6s08
mslugxrmxe6s09
mslugxrmxe6s10
mslugxrmxe6s11
mslugxrmxe6s12
mslugxrmxe6s13
mslugxrmxe6s14
mslugxrmxe7s01
mslugxrmxe7s02
mslugxrmxe7s03
mslugxrmxe7s04
mslugxrmxe8s01
mslugxrmxe8s02
mslugxrmxe8s03
mslugxrmxe8s04
